<?xml version="1.0" encoding="UTF-8"?>
<!-- Generated by org.testng.reporters.JUnitXMLReporter -->
<testsuite ignored="0" hostname="LAPTOP-HEAMS8JP" failures="0" tests="8" name="Default test" time="11.811" errors="0" timestamp="2023-04-18T16:25:33 IST">
  <testcase classname="api.test.DDTests" name="testPostuser" time="2.413"/>
  <testcase classname="api.test.DDTests" name="testPostuser" time="1.118"/>
  <testcase classname="api.test.DDTests" name="testPostuser" time="1.107"/>
  <testcase classname="api.test.DDTests" name="testPostuser" time="1.125"/>
  <testcase classname="api.test.DDTests" name="testDeleteUserByName" time="1.152"/>
  <testcase classname="api.test.DDTests" name="testDeleteUserByName" time="1.209"/>
  <testcase classname="api.test.DDTests" name="testDeleteUserByName" time="1.198"/>
  <testcase classname="api.test.DDTests" name="testDeleteUserByName" time="1.158"/>
</testsuite> <!-- Default test -->
