<?xml version="1.0" encoding="UTF-8"?>
<testsuite xmlns:xsi="http://www.w3.org/2001/XMLSchema-instance" xsi:noNamespaceSchemaLocation="https://maven.apache.org/surefire/maven-surefire-plugin/xsd/surefire-test-report.xsd" name="TestSuite" time="9.264" tests="4" errors="0" skipped="0" failures="0">
  <properties>
[...]
</properties>
  <testcase name="testPostUser" classname="api.test.UserTests2" time="2.403"/>
  <testcase name="testGetUserByName" classname="api.test.UserTests2" time="1.371"/>
  <testcase name="testUpdatedUserByName" classname="api.test.UserTests2" time="2.722"/>
  <testcase name="testDeleteUserByName" classname="api.test.UserTests2" time="1.322"/>
</testsuite>