<?xml version="1.0" encoding="UTF-8"?>
<testng-results ignored="0" total="4" passed="4" failed="0" skipped="0">
  <reporter-output>
  </reporter-output>
  <suite started-at="2023-04-20T22:11:06 IST" name="PetStoreSuite" finished-at="2023-04-20T22:11:13 IST" duration-ms="7215">
    <groups>
    </groups>
    <test started-at="2023-04-20T22:11:06 IST" name="PetStoreTest" finished-at="2023-04-20T22:11:13 IST" duration-ms="7215">
      <class name="api.test.UserTests2">
        <test-method is-config="true" signature="setup()[pri:0, instance:api.test.UserTests2@55634720]" started-at="2023-04-20T22:11:06 IST" name="setup" finished-at="2023-04-20T22:11:07 IST" duration-ms="444" status="PASS">
          <reporter-output>
          </reporter-output>
        </test-method> <!-- setup -->
        <test-method signature="testPostUser()[pri:1, instance:api.test.UserTests2@55634720]" started-at="2023-04-20T22:11:07 IST" name="testPostUser" finished-at="2023-04-20T22:11:09 IST" duration-ms="2203" status="PASS">
          <reporter-output>
          </reporter-output>
        </test-method> <!-- testPostUser -->
        <test-method signature="testGetUserByName()[pri:2, instance:api.test.UserTests2@55634720]" started-at="2023-04-20T22:11:09 IST" name="testGetUserByName" finished-at="2023-04-20T22:11:10 IST" duration-ms="1156" status="PASS">
          <reporter-output>
          </reporter-output>
        </test-method> <!-- testGetUserByName -->
        <test-method signature="testUpdatedUserByName()[pri:3, instance:api.test.UserTests2@55634720]" started-at="2023-04-20T22:11:10 IST" name="testUpdatedUserByName" finished-at="2023-04-20T22:11:12 IST" duration-ms="2156" status="PASS">
          <reporter-output>
          </reporter-output>
        </test-method> <!-- testUpdatedUserByName -->
        <test-method signature="testDeleteUserByName()[pri:4, instance:api.test.UserTests2@55634720]" started-at="2023-04-20T22:11:12 IST" name="testDeleteUserByName" finished-at="2023-04-20T22:11:13 IST" duration-ms="1040" status="PASS">
          <reporter-output>
          </reporter-output>
        </test-method> <!-- testDeleteUserByName -->
      </class> <!-- api.test.UserTests2 -->
    </test> <!-- PetStoreTest -->
  </suite> <!-- PetStoreSuite -->
</testng-results>
