<?xml version="1.0" encoding="UTF-8"?>
<!-- Generated by org.testng.reporters.JUnitXMLReporter -->
<testsuite ignored="0" hostname="LAPTOP-HEAMS8JP" failures="0" tests="4" name="PetStoreTest" time="7.215" errors="0" timestamp="2023-04-20T22:11:14 IST">
  <testcase classname="api.test.UserTests2" name="testPostUser" time="2.203"/>
  <testcase classname="api.test.UserTests2" name="testGetUserByName" time="1.156"/>
  <testcase classname="api.test.UserTests2" name="testUpdatedUserByName" time="2.156"/>
  <testcase classname="api.test.UserTests2" name="testDeleteUserByName" time="1.04"/>
</testsuite> <!-- PetStoreTest -->
